<?xml version="1.0" encoding="UTF-8"?>
<!-- Generated by org.testng.reporters.JUnitReportReporter -->
<testsuite hostname="Vidhyas-Air" failures="0" tests="1" name="com.searchfunctionality.testCases.TC_SearchFunctionality_001" time="8.871" errors="0" timestamp="2021-12-06T08:35:04 CET" skipped="0">
  <testcase classname="com.searchfunctionality.testCases.TC_SearchFunctionality_001" name="searchFunction" time="8.871"/>
  <system-out/>
</testsuite> <!-- com.searchfunctionality.testCases.TC_SearchFunctionality_001 -->
